<?xml version="1.0" encoding="UTF-8"?>
<!-- Generated by org.testng.reporters.JUnitReportReporter -->
<testsuite skipped="0" hostname="LAPTOP-3FSGIJEU" name="com.test.FlipkartTest" tests="8" failures="0" timestamp="2022-10-17T21:28:20 IST" time="89.867" errors="0">
  <testcase name="loginClose" time="2.131" classname="com.test.FlipkartTest"/>
  <system-out/>
  <testcase name="scroll" time="6.968" classname="com.test.FlipkartTest"/>
  <system-out/>
  <testcase name="searchProduct" time="5.917" classname="com.test.FlipkartTest"/>
  <system-out/>
  <testcase name="loadImage" time="14.600" classname="com.test.FlipkartTest"/>
  <system-out/>
  <testcase name="scrollFrequency" time="2.850" classname="com.test.FlipkartTest"/>
  <system-out/>
  <testcase name="downloadImages" time="0.388" classname="com.test.FlipkartTest"/>
  <system-out/>
  <testcase name="screenResolution" time="6.092" classname="com.test.FlipkartTest"/>
  <system-out/>
  <testcase name="diffBrowEdge" time="50.921" classname="com.test.FlipkartTest"/>
  <system-out/>
</testsuite> <!-- com.test.FlipkartTest -->
